<?xml version="1.0" encoding="UTF-8"?>
<coverage generated="1632439805583" clover="3.2.0">
  <project timestamp="1632439805583" name="All files">
    <metrics statements="87" coveredstatements="67" conditionals="39" coveredconditionals="24" methods="12" coveredmethods="8" elements="138" coveredelements="99" complexity="0" loc="87" ncloc="87" packages="1" files="6" classes="6"/>
    <file name="age.js" path="/home/leosilvagomes/Documentos/faculdade/desenho/frontend/src/utilites/age.js">
      <metrics statements="17" coveredstatements="2" conditionals="11" coveredconditionals="0" methods="2" coveredmethods="0"/>
      <line num="1" count="2" type="stmt"/>
      <line num="2" count="0" type="cond" truecount="0" falsecount="4"/>
      <line num="3" count="0" type="stmt"/>
      <line num="5" count="0" type="stmt"/>
      <line num="8" count="2" type="stmt"/>
      <line num="9" count="0" type="stmt"/>
      <line num="10" count="0" type="stmt"/>
      <line num="12" count="0" type="stmt"/>
      <line num="13" count="0" type="stmt"/>
      <line num="14" count="0" type="stmt"/>
      <line num="16" count="0" type="stmt"/>
      <line num="17" count="0" type="stmt"/>
      <line num="18" count="0" type="stmt"/>
      <line num="20" count="0" type="stmt"/>
      <line num="22" count="0" type="cond" truecount="0" falsecount="2"/>
      <line num="26" count="0" type="stmt"/>
      <line num="29" count="0" type="cond" truecount="0" falsecount="2"/>
    </file>
    <file name="date.js" path="/home/leosilvagomes/Documentos/faculdade/desenho/frontend/src/utilites/date.js">
      <metrics statements="60" coveredstatements="60" conditionals="24" coveredconditionals="24" methods="7" coveredmethods="7"/>
      <line num="1" count="2" type="stmt"/>
      <line num="2" count="11" type="stmt"/>
      <line num="3" count="11" type="stmt"/>
      <line num="4" count="11" type="stmt"/>
      <line num="5" count="11" type="stmt"/>
      <line num="7" count="11" type="stmt"/>
      <line num="11" count="2" type="stmt"/>
      <line num="12" count="2" type="cond" truecount="2" falsecount="0"/>
      <line num="13" count="1" type="stmt"/>
      <line num="15" count="1" type="stmt"/>
      <line num="19" count="2" type="stmt"/>
      <line num="20" count="4" type="cond" truecount="2" falsecount="0"/>
      <line num="21" count="3" type="stmt"/>
      <line num="22" count="3" type="stmt"/>
      <line num="23" count="3" type="stmt"/>
      <line num="25" count="3" type="stmt"/>
      <line num="26" count="3" type="stmt"/>
      <line num="28" count="3" type="cond" truecount="4" falsecount="0"/>
      <line num="29" count="2" type="stmt"/>
      <line num="33" count="2" type="stmt"/>
      <line num="37" count="2" type="stmt"/>
      <line num="38" count="2" type="stmt"/>
      <line num="39" count="2" type="stmt"/>
      <line num="41" count="2" type="stmt"/>
      <line num="42" count="2" type="stmt"/>
      <line num="44" count="2" type="cond" truecount="2" falsecount="0"/>
      <line num="45" count="1" type="stmt"/>
      <line num="48" count="1" type="stmt"/>
      <line num="52" count="2" type="stmt"/>
      <line num="53" count="7" type="cond" truecount="2" falsecount="0"/>
      <line num="54" count="7" type="stmt"/>
      <line num="55" count="7" type="stmt"/>
      <line num="56" count="7" type="stmt"/>
      <line num="58" count="7" type="cond" truecount="2" falsecount="0"/>
      <line num="59" count="36" type="stmt"/>
      <line num="60" count="36" type="cond" truecount="2" falsecount="0"/>
      <line num="62" count="6" type="cond" truecount="2" falsecount="0"/>
      <line num="63" count="5" type="stmt"/>
      <line num="65" count="6" type="stmt"/>
      <line num="67" count="5" type="cond" truecount="2" falsecount="0"/>
      <line num="68" count="4" type="stmt"/>
      <line num="70" count="5" type="stmt"/>
      <line num="74" count="7" type="stmt"/>
      <line num="76" count="7" type="cond" truecount="2" falsecount="0"/>
      <line num="77" count="3" type="stmt"/>
      <line num="78" count="3" type="stmt"/>
      <line num="79" count="3" type="cond" truecount="2" falsecount="0"/>
      <line num="80" count="1" type="stmt"/>
      <line num="82" count="3" type="stmt"/>
      <line num="88" count="3" type="stmt"/>
      <line num="91" count="4" type="stmt"/>
      <line num="95" count="2" type="stmt"/>
      <line num="96" count="1" type="stmt"/>
      <line num="98" count="1" type="stmt"/>
      <line num="99" count="1" type="stmt"/>
      <line num="101" count="1" type="stmt"/>
      <line num="109" count="2" type="stmt"/>
      <line num="110" count="1" type="stmt"/>
      <line num="112" count="1" type="stmt"/>
      <line num="114" count="1" type="stmt"/>
    </file>
    <file name="email.js" path="/home/leosilvagomes/Documentos/faculdade/desenho/frontend/src/utilites/email.js">
      <metrics statements="3" coveredstatements="3" conditionals="0" coveredconditionals="0" methods="1" coveredmethods="1"/>
      <line num="1" count="2" type="stmt"/>
      <line num="2" count="2" type="stmt"/>
      <line num="3" count="2" type="stmt"/>
    </file>
    <file name="index.js" path="/home/leosilvagomes/Documentos/faculdade/desenho/frontend/src/utilites/index.js">
      <metrics statements="0" coveredstatements="0" conditionals="0" coveredconditionals="0" methods="0" coveredmethods="0"/>
    </file>
    <file name="password.js" path="/home/leosilvagomes/Documentos/faculdade/desenho/frontend/src/utilites/password.js">
      <metrics statements="4" coveredstatements="1" conditionals="4" coveredconditionals="0" methods="1" coveredmethods="0"/>
      <line num="1" count="2" type="stmt"/>
      <line num="2" count="0" type="cond" truecount="0" falsecount="4"/>
      <line num="3" count="0" type="stmt"/>
      <line num="5" count="0" type="stmt"/>
    </file>
    <file name="username.js" path="/home/leosilvagomes/Documentos/faculdade/desenho/frontend/src/utilites/username.js">
      <metrics statements="3" coveredstatements="1" conditionals="0" coveredconditionals="0" methods="1" coveredmethods="0"/>
      <line num="1" count="2" type="stmt"/>
      <line num="2" count="0" type="stmt"/>
      <line num="3" count="0" type="stmt"/>
    </file>
  </project>
</coverage>
