{"/home/leosilvagomes/Documentos/faculdade/desenho/frontend/src/utilites/age.js": {"path":"/home/leosilvagomes/Documentos/faculdade/desenho/frontend/src/utilites/age.js","statementMap":{"0":{"start":{"line":1,"column":27},"end":{"line":6,"column":1}},"1":{"start":{"line":2,"column":2},"end":{"line":4,"column":3}},"2":{"start":{"line":3,"column":4},"end":{"line":3,"column":17}},"3":{"start":{"line":5,"column":2},"end":{"line":5,"column":14}},"4":{"start":{"line":8,"column":19},"end":{"line":30,"column":1}},"5":{"start":{"line":9,"column":20},"end":{"line":9,"column":30}},"6":{"start":{"line":10,"column":21},"end":{"line":10,"column":36}},"7":{"start":{"line":12,"column":20},"end":{"line":12,"column":45}},"8":{"start":{"line":13,"column":21},"end":{"line":13,"column":43}},"9":{"start":{"line":14,"column":19},"end":{"line":14,"column":39}},"10":{"start":{"line":16,"column":21},"end":{"line":16,"column":47}},"11":{"start":{"line":17,"column":22},"end":{"line":17,"column":45}},"12":{"start":{"line":18,"column":20},"end":{"line":18,"column":41}},"13":{"start":{"line":20,"column":17},"end":{"line":20,"column":43}},"14":{"start":{"line":22,"column":2},"end":{"line":27,"column":3}},"15":{"start":{"line":26,"column":4},"end":{"line":26,"column":15}},"16":{"start":{"line":29,"column":2},"end":{"line":29,"column":37}}},"fnMap":{"0":{"name":"(anonymous_0)","decl":{"start":{"line":1,"column":27},"end":{"line":1,"column":28}},"loc":{"start":{"line":1,"column":38},"end":{"line":6,"column":1}},"line":1},"1":{"name":"(anonymous_1)","decl":{"start":{"line":8,"column":19},"end":{"line":8,"column":20}},"loc":{"start":{"line":8,"column":30},"end":{"line":30,"column":1}},"line":8}},"branchMap":{"0":{"loc":{"start":{"line":2,"column":2},"end":{"line":4,"column":3}},"type":"if","locations":[{"start":{"line":2,"column":2},"end":{"line":4,"column":3}},{"start":{"line":2,"column":2},"end":{"line":4,"column":3}}],"line":2},"1":{"loc":{"start":{"line":2,"column":6},"end":{"line":2,"column":31}},"type":"binary-expr","locations":[{"start":{"line":2,"column":6},"end":{"line":2,"column":15}},{"start":{"line":2,"column":19},"end":{"line":2,"column":31}}],"line":2},"2":{"loc":{"start":{"line":22,"column":2},"end":{"line":27,"column":3}},"type":"if","locations":[{"start":{"line":22,"column":2},"end":{"line":27,"column":3}},{"start":{"line":22,"column":2},"end":{"line":27,"column":3}}],"line":22},"3":{"loc":{"start":{"line":23,"column":4},"end":{"line":24,"column":63}},"type":"binary-expr","locations":[{"start":{"line":23,"column":4},"end":{"line":23,"column":32}},{"start":{"line":24,"column":5},"end":{"line":24,"column":34}},{"start":{"line":24,"column":38},"end":{"line":24,"column":62}}],"line":23},"4":{"loc":{"start":{"line":29,"column":9},"end":{"line":29,"column":36}},"type":"cond-expr","locations":[{"start":{"line":29,"column":24},"end":{"line":29,"column":25}},{"start":{"line":29,"column":28},"end":{"line":29,"column":36}}],"line":29}},"s":{"0":2,"1":0,"2":0,"3":0,"4":2,"5":0,"6":0,"7":0,"8":0,"9":0,"10":0,"11":0,"12":0,"13":0,"14":0,"15":0,"16":0},"f":{"0":0,"1":0},"b":{"0":[0,0],"1":[0,0],"2":[0,0],"3":[0,0,0],"4":[0,0]},"_coverageSchema":"1a1c01bbd47fc00a2c39e90264f33305004495a9","hash":"3c011f4d1290b534f60a9b814e575f624d6b4884"}
,"/home/leosilvagomes/Documentos/faculdade/desenho/frontend/src/utilites/date.js": {"path":"/home/leosilvagomes/Documentos/faculdade/desenho/frontend/src/utilites/date.js","statementMap":{"0":{"start":{"line":1,"column":17},"end":{"line":8,"column":1}},"1":{"start":{"line":2,"column":25},"end":{"line":2,"column":41}},"2":{"start":{"line":3,"column":15},"end":{"line":3,"column":29}},"3":{"start":{"line":4,"column":16},"end":{"line":4,"column":46}},"4":{"start":{"line":5,"column":14},"end":{"line":5,"column":26}},"5":{"start":{"line":7,"column":2},"end":{"line":7,"column":28}},"6":{"start":{"line":11,"column":28},"end":{"line":16,"column":1}},"7":{"start":{"line":12,"column":2},"end":{"line":14,"column":3}},"8":{"start":{"line":13,"column":4},"end":{"line":13,"column":17}},"9":{"start":{"line":15,"column":2},"end":{"line":15,"column":14}},"10":{"start":{"line":19,"column":35},"end":{"line":34,"column":1}},"11":{"start":{"line":20,"column":2},"end":{"line":31,"column":3}},"12":{"start":{"line":21,"column":23},"end":{"line":21,"column":33}},"13":{"start":{"line":22,"column":21},"end":{"line":22,"column":31}},"14":{"start":{"line":23,"column":4},"end":{"line":23,"column":54}},"15":{"start":{"line":25,"column":31},"end":{"line":25,"column":46}},"16":{"start":{"line":26,"column":24},"end":{"line":26,"column":50}},"17":{"start":{"line":28,"column":4},"end":{"line":30,"column":5}},"18":{"start":{"line":29,"column":6},"end":{"line":29,"column":19}},"19":{"start":{"line":33,"column":2},"end":{"line":33,"column":14}},"20":{"start":{"line":37,"column":38},"end":{"line":49,"column":1}},"21":{"start":{"line":38,"column":47},"end":{"line":38,"column":63}},"22":{"start":{"line":39,"column":44},"end":{"line":39,"column":59}},"23":{"start":{"line":41,"column":21},"end":{"line":41,"column":65}},"24":{"start":{"line":42,"column":20},"end":{"line":42,"column":61}},"25":{"start":{"line":44,"column":2},"end":{"line":46,"column":3}},"26":{"start":{"line":45,"column":4},"end":{"line":45,"column":17}},"27":{"start":{"line":48,"column":2},"end":{"line":48,"column":14}},"28":{"start":{"line":52,"column":26},"end":{"line":92,"column":1}},"29":{"start":{"line":53,"column":14},"end":{"line":53,"column":50}},"30":{"start":{"line":54,"column":20},"end":{"line":54,"column":30}},"31":{"start":{"line":55,"column":18},"end":{"line":55,"column":43}},"32":{"start":{"line":56,"column":14},"end":{"line":56,"column":16}},"33":{"start":{"line":58,"column":2},"end":{"line":72,"column":3}},"34":{"start":{"line":58,"column":15},"end":{"line":58,"column":16}},"35":{"start":{"line":59,"column":4},"end":{"line":59,"column":25}},"36":{"start":{"line":60,"column":4},"end":{"line":71,"column":5}},"37":{"start":{"line":62,"column":8},"end":{"line":64,"column":9}},"38":{"start":{"line":63,"column":10},"end":{"line":63,"column":24}},"39":{"start":{"line":65,"column":8},"end":{"line":65,"column":14}},"40":{"start":{"line":67,"column":8},"end":{"line":69,"column":9}},"41":{"start":{"line":68,"column":10},"end":{"line":68,"column":24}},"42":{"start":{"line":70,"column":8},"end":{"line":70,"column":14}},"43":{"start":{"line":74,"column":20},"end":{"line":74,"column":32}},"44":{"start":{"line":76,"column":2},"end":{"line":89,"column":3}},"45":{"start":{"line":77,"column":31},"end":{"line":77,"column":50}},"46":{"start":{"line":78,"column":15},"end":{"line":78,"column":41}},"47":{"start":{"line":79,"column":4},"end":{"line":81,"column":5}},"48":{"start":{"line":80,"column":6},"end":{"line":80,"column":42}},"49":{"start":{"line":82,"column":20},"end":{"line":86,"column":15}},"50":{"start":{"line":88,"column":4},"end":{"line":88,"column":19}},"51":{"start":{"line":91,"column":2},"end":{"line":91,"column":19}},"52":{"start":{"line":95,"column":35},"end":{"line":106,"column":1}},"53":{"start":{"line":96,"column":25},"end":{"line":96,"column":40}},"54":{"start":{"line":98,"column":16},"end":{"line":98,"column":32}},"55":{"start":{"line":99,"column":14},"end":{"line":99,"column":26}},"56":{"start":{"line":101,"column":2},"end":{"line":105,"column":14}},"57":{"start":{"line":109,"column":33},"end":{"line":115,"column":1}},"58":{"start":{"line":110,"column":29},"end":{"line":110,"column":45}},"59":{"start":{"line":112,"column":18},"end":{"line":112,"column":46}},"60":{"start":{"line":114,"column":2},"end":{"line":114,"column":17}}},"fnMap":{"0":{"name":"(anonymous_0)","decl":{"start":{"line":1,"column":17},"end":{"line":1,"column":18}},"loc":{"start":{"line":1,"column":28},"end":{"line":8,"column":1}},"line":1},"1":{"name":"(anonymous_1)","decl":{"start":{"line":11,"column":28},"end":{"line":11,"column":29}},"loc":{"start":{"line":11,"column":39},"end":{"line":16,"column":1}},"line":11},"2":{"name":"(anonymous_2)","decl":{"start":{"line":19,"column":35},"end":{"line":19,"column":36}},"loc":{"start":{"line":19,"column":46},"end":{"line":34,"column":1}},"line":19},"3":{"name":"(anonymous_3)","decl":{"start":{"line":37,"column":38},"end":{"line":37,"column":39}},"loc":{"start":{"line":37,"column":57},"end":{"line":49,"column":1}},"line":37},"4":{"name":"(anonymous_4)","decl":{"start":{"line":52,"column":26},"end":{"line":52,"column":27}},"loc":{"start":{"line":52,"column":37},"end":{"line":92,"column":1}},"line":52},"5":{"name":"(anonymous_5)","decl":{"start":{"line":95,"column":35},"end":{"line":95,"column":36}},"loc":{"start":{"line":95,"column":46},"end":{"line":106,"column":1}},"line":95},"6":{"name":"(anonymous_6)","decl":{"start":{"line":109,"column":33},"end":{"line":109,"column":34}},"loc":{"start":{"line":109,"column":44},"end":{"line":115,"column":1}},"line":109}},"branchMap":{"0":{"loc":{"start":{"line":12,"column":2},"end":{"line":14,"column":3}},"type":"if","locations":[{"start":{"line":12,"column":2},"end":{"line":14,"column":3}},{"start":{"line":12,"column":2},"end":{"line":14,"column":3}}],"line":12},"1":{"loc":{"start":{"line":20,"column":2},"end":{"line":31,"column":3}},"type":"if","locations":[{"start":{"line":20,"column":2},"end":{"line":31,"column":3}},{"start":{"line":20,"column":2},"end":{"line":31,"column":3}}],"line":20},"2":{"loc":{"start":{"line":28,"column":4},"end":{"line":30,"column":5}},"type":"if","locations":[{"start":{"line":28,"column":4},"end":{"line":30,"column":5}},{"start":{"line":28,"column":4},"end":{"line":30,"column":5}}],"line":28},"3":{"loc":{"start":{"line":28,"column":8},"end":{"line":28,"column":58}},"type":"binary-expr","locations":[{"start":{"line":28,"column":8},"end":{"line":28,"column":30}},{"start":{"line":28,"column":34},"end":{"line":28,"column":58}}],"line":28},"4":{"loc":{"start":{"line":44,"column":2},"end":{"line":46,"column":3}},"type":"if","locations":[{"start":{"line":44,"column":2},"end":{"line":46,"column":3}},{"start":{"line":44,"column":2},"end":{"line":46,"column":3}}],"line":44},"5":{"loc":{"start":{"line":53,"column":15},"end":{"line":53,"column":26}},"type":"binary-expr","locations":[{"start":{"line":53,"column":15},"end":{"line":53,"column":20}},{"start":{"line":53,"column":24},"end":{"line":53,"column":26}}],"line":53},"6":{"loc":{"start":{"line":58,"column":18},"end":{"line":58,"column":45}},"type":"binary-expr","locations":[{"start":{"line":58,"column":18},"end":{"line":58,"column":36}},{"start":{"line":58,"column":40},"end":{"line":58,"column":45}}],"line":58},"7":{"loc":{"start":{"line":60,"column":4},"end":{"line":71,"column":5}},"type":"switch","locations":[{"start":{"line":61,"column":6},"end":{"line":65,"column":14}},{"start":{"line":66,"column":6},"end":{"line":70,"column":14}}],"line":60},"8":{"loc":{"start":{"line":62,"column":8},"end":{"line":64,"column":9}},"type":"if","locations":[{"start":{"line":62,"column":8},"end":{"line":64,"column":9}},{"start":{"line":62,"column":8},"end":{"line":64,"column":9}}],"line":62},"9":{"loc":{"start":{"line":67,"column":8},"end":{"line":69,"column":9}},"type":"if","locations":[{"start":{"line":67,"column":8},"end":{"line":69,"column":9}},{"start":{"line":67,"column":8},"end":{"line":69,"column":9}}],"line":67},"10":{"loc":{"start":{"line":76,"column":2},"end":{"line":89,"column":3}},"type":"if","locations":[{"start":{"line":76,"column":2},"end":{"line":89,"column":3}},{"start":{"line":76,"column":2},"end":{"line":89,"column":3}}],"line":76},"11":{"loc":{"start":{"line":79,"column":4},"end":{"line":81,"column":5}},"type":"if","locations":[{"start":{"line":79,"column":4},"end":{"line":81,"column":5}},{"start":{"line":79,"column":4},"end":{"line":81,"column":5}}],"line":79}},"s":{"0":2,"1":11,"2":11,"3":11,"4":11,"5":11,"6":2,"7":2,"8":1,"9":1,"10":2,"11":4,"12":3,"13":3,"14":3,"15":3,"16":3,"17":3,"18":2,"19":2,"20":2,"21":2,"22":2,"23":2,"24":2,"25":2,"26":1,"27":1,"28":2,"29":7,"30":7,"31":7,"32":7,"33":7,"34":7,"35":36,"36":36,"37":6,"38":5,"39":6,"40":5,"41":4,"42":5,"43":7,"44":7,"45":3,"46":3,"47":3,"48":1,"49":3,"50":3,"51":4,"52":2,"53":1,"54":1,"55":1,"56":1,"57":2,"58":1,"59":1,"60":1},"f":{"0":11,"1":2,"2":4,"3":2,"4":7,"5":1,"6":1},"b":{"0":[1,1],"1":[3,1],"2":[2,1],"3":[3,2],"4":[1,1],"5":[7,1],"6":[43,38],"7":[6,5],"8":[5,1],"9":[4,1],"10":[3,4],"11":[1,2]},"_coverageSchema":"1a1c01bbd47fc00a2c39e90264f33305004495a9","hash":"733a3024a7bff8790a9460d501bd95453e563654"}
,"/home/leosilvagomes/Documentos/faculdade/desenho/frontend/src/utilites/email.js": {"path":"/home/leosilvagomes/Documentos/faculdade/desenho/frontend/src/utilites/email.js","statementMap":{"0":{"start":{"line":1,"column":29},"end":{"line":4,"column":1}},"1":{"start":{"line":2,"column":18},"end":{"line":2,"column":33}},"2":{"start":{"line":3,"column":2},"end":{"line":3,"column":31}}},"fnMap":{"0":{"name":"(anonymous_0)","decl":{"start":{"line":1,"column":29},"end":{"line":1,"column":30}},"loc":{"start":{"line":1,"column":40},"end":{"line":4,"column":1}},"line":1}},"branchMap":{},"s":{"0":2,"1":2,"2":2},"f":{"0":2},"b":{},"_coverageSchema":"1a1c01bbd47fc00a2c39e90264f33305004495a9","hash":"c5da15d0f74932c7ddf4635f67ea59c34f82b2f2"}
,"/home/leosilvagomes/Documentos/faculdade/desenho/frontend/src/utilites/index.js": {"path":"/home/leosilvagomes/Documentos/faculdade/desenho/frontend/src/utilites/index.js","statementMap":{},"fnMap":{},"branchMap":{},"s":{},"f":{},"b":{},"_coverageSchema":"1a1c01bbd47fc00a2c39e90264f33305004495a9","hash":"da8d4e897f865bcd43c001e29b8ddc36d247ae37"}
,"/home/leosilvagomes/Documentos/faculdade/desenho/frontend/src/utilites/password.js": {"path":"/home/leosilvagomes/Documentos/faculdade/desenho/frontend/src/utilites/password.js","statementMap":{"0":{"start":{"line":1,"column":32},"end":{"line":6,"column":1}},"1":{"start":{"line":2,"column":2},"end":{"line":4,"column":3}},"2":{"start":{"line":3,"column":4},"end":{"line":3,"column":17}},"3":{"start":{"line":5,"column":2},"end":{"line":5,"column":14}}},"fnMap":{"0":{"name":"(anonymous_0)","decl":{"start":{"line":1,"column":32},"end":{"line":1,"column":33}},"loc":{"start":{"line":1,"column":43},"end":{"line":6,"column":1}},"line":1}},"branchMap":{"0":{"loc":{"start":{"line":2,"column":2},"end":{"line":4,"column":3}},"type":"if","locations":[{"start":{"line":2,"column":2},"end":{"line":4,"column":3}},{"start":{"line":2,"column":2},"end":{"line":4,"column":3}}],"line":2},"1":{"loc":{"start":{"line":2,"column":6},"end":{"line":2,"column":43}},"type":"binary-expr","locations":[{"start":{"line":2,"column":6},"end":{"line":2,"column":22}},{"start":{"line":2,"column":26},"end":{"line":2,"column":43}}],"line":2}},"s":{"0":2,"1":0,"2":0,"3":0},"f":{"0":0},"b":{"0":[0,0],"1":[0,0]},"_coverageSchema":"1a1c01bbd47fc00a2c39e90264f33305004495a9","hash":"3cf8240d65cad1f1f1f2c62e97fa5fd0dd428538"}
,"/home/leosilvagomes/Documentos/faculdade/desenho/frontend/src/utilites/username.js": {"path":"/home/leosilvagomes/Documentos/faculdade/desenho/frontend/src/utilites/username.js","statementMap":{"0":{"start":{"line":1,"column":32},"end":{"line":4,"column":1}},"1":{"start":{"line":2,"column":22},"end":{"line":2,"column":35}},"2":{"start":{"line":3,"column":2},"end":{"line":3,"column":35}}},"fnMap":{"0":{"name":"(anonymous_0)","decl":{"start":{"line":1,"column":32},"end":{"line":1,"column":33}},"loc":{"start":{"line":1,"column":43},"end":{"line":4,"column":1}},"line":1}},"branchMap":{},"s":{"0":2,"1":0,"2":0},"f":{"0":0},"b":{},"_coverageSchema":"1a1c01bbd47fc00a2c39e90264f33305004495a9","hash":"d2d69f04929a7d5ec8ce10c020dd85f3cb158e1c"}
}
