{"/home/leosilvagomes/Documentos/faculdade/desenho/frontend/src/utilites/date.js": {"path":"/home/leosilvagomes/Documentos/faculdade/desenho/frontend/src/utilites/date.js","statementMap":{"0":{"start":{"line":1,"column":17},"end":{"line":8,"column":1}},"1":{"start":{"line":2,"column":25},"end":{"line":2,"column":41}},"2":{"start":{"line":3,"column":15},"end":{"line":3,"column":29}},"3":{"start":{"line":4,"column":16},"end":{"line":4,"column":46}},"4":{"start":{"line":5,"column":14},"end":{"line":5,"column":26}},"5":{"start":{"line":7,"column":2},"end":{"line":7,"column":28}},"6":{"start":{"line":10,"column":33},"end":{"line":16,"column":1}},"7":{"start":{"line":11,"column":29},"end":{"line":11,"column":45}},"8":{"start":{"line":13,"column":18},"end":{"line":13,"column":46}},"9":{"start":{"line":15,"column":2},"end":{"line":15,"column":17}},"10":{"start":{"line":18,"column":28},"end":{"line":23,"column":1}},"11":{"start":{"line":19,"column":2},"end":{"line":21,"column":3}},"12":{"start":{"line":20,"column":4},"end":{"line":20,"column":17}},"13":{"start":{"line":22,"column":2},"end":{"line":22,"column":14}},"14":{"start":{"line":25,"column":35},"end":{"line":40,"column":1}},"15":{"start":{"line":26,"column":2},"end":{"line":37,"column":3}},"16":{"start":{"line":27,"column":23},"end":{"line":27,"column":33}},"17":{"start":{"line":28,"column":21},"end":{"line":28,"column":31}},"18":{"start":{"line":29,"column":4},"end":{"line":29,"column":54}},"19":{"start":{"line":31,"column":31},"end":{"line":31,"column":46}},"20":{"start":{"line":32,"column":24},"end":{"line":32,"column":50}},"21":{"start":{"line":34,"column":4},"end":{"line":36,"column":5}},"22":{"start":{"line":35,"column":6},"end":{"line":35,"column":19}},"23":{"start":{"line":39,"column":2},"end":{"line":39,"column":14}},"24":{"start":{"line":42,"column":38},"end":{"line":54,"column":1}},"25":{"start":{"line":43,"column":47},"end":{"line":43,"column":63}},"26":{"start":{"line":44,"column":44},"end":{"line":44,"column":59}},"27":{"start":{"line":46,"column":21},"end":{"line":46,"column":65}},"28":{"start":{"line":47,"column":20},"end":{"line":47,"column":61}},"29":{"start":{"line":49,"column":2},"end":{"line":51,"column":3}},"30":{"start":{"line":50,"column":4},"end":{"line":50,"column":17}},"31":{"start":{"line":53,"column":2},"end":{"line":53,"column":14}},"32":{"start":{"line":56,"column":26},"end":{"line":96,"column":1}},"33":{"start":{"line":57,"column":14},"end":{"line":57,"column":50}},"34":{"start":{"line":58,"column":20},"end":{"line":58,"column":30}},"35":{"start":{"line":59,"column":18},"end":{"line":59,"column":43}},"36":{"start":{"line":60,"column":14},"end":{"line":60,"column":16}},"37":{"start":{"line":62,"column":2},"end":{"line":76,"column":3}},"38":{"start":{"line":62,"column":15},"end":{"line":62,"column":16}},"39":{"start":{"line":63,"column":4},"end":{"line":63,"column":25}},"40":{"start":{"line":64,"column":4},"end":{"line":75,"column":5}},"41":{"start":{"line":66,"column":8},"end":{"line":68,"column":9}},"42":{"start":{"line":67,"column":10},"end":{"line":67,"column":24}},"43":{"start":{"line":69,"column":8},"end":{"line":69,"column":14}},"44":{"start":{"line":71,"column":8},"end":{"line":73,"column":9}},"45":{"start":{"line":72,"column":10},"end":{"line":72,"column":24}},"46":{"start":{"line":74,"column":8},"end":{"line":74,"column":14}},"47":{"start":{"line":78,"column":20},"end":{"line":78,"column":32}},"48":{"start":{"line":80,"column":2},"end":{"line":93,"column":3}},"49":{"start":{"line":81,"column":31},"end":{"line":81,"column":50}},"50":{"start":{"line":82,"column":15},"end":{"line":82,"column":41}},"51":{"start":{"line":83,"column":4},"end":{"line":85,"column":5}},"52":{"start":{"line":84,"column":6},"end":{"line":84,"column":42}},"53":{"start":{"line":86,"column":20},"end":{"line":90,"column":15}},"54":{"start":{"line":92,"column":4},"end":{"line":92,"column":19}},"55":{"start":{"line":95,"column":2},"end":{"line":95,"column":19}},"56":{"start":{"line":98,"column":35},"end":{"line":109,"column":1}},"57":{"start":{"line":99,"column":25},"end":{"line":99,"column":40}},"58":{"start":{"line":101,"column":16},"end":{"line":101,"column":32}},"59":{"start":{"line":102,"column":14},"end":{"line":102,"column":26}},"60":{"start":{"line":104,"column":2},"end":{"line":108,"column":14}}},"fnMap":{"0":{"name":"(anonymous_0)","decl":{"start":{"line":1,"column":17},"end":{"line":1,"column":18}},"loc":{"start":{"line":1,"column":28},"end":{"line":8,"column":1}},"line":1},"1":{"name":"(anonymous_1)","decl":{"start":{"line":10,"column":33},"end":{"line":10,"column":34}},"loc":{"start":{"line":10,"column":44},"end":{"line":16,"column":1}},"line":10},"2":{"name":"(anonymous_2)","decl":{"start":{"line":18,"column":28},"end":{"line":18,"column":29}},"loc":{"start":{"line":18,"column":39},"end":{"line":23,"column":1}},"line":18},"3":{"name":"(anonymous_3)","decl":{"start":{"line":25,"column":35},"end":{"line":25,"column":36}},"loc":{"start":{"line":25,"column":46},"end":{"line":40,"column":1}},"line":25},"4":{"name":"(anonymous_4)","decl":{"start":{"line":42,"column":38},"end":{"line":42,"column":39}},"loc":{"start":{"line":42,"column":57},"end":{"line":54,"column":1}},"line":42},"5":{"name":"(anonymous_5)","decl":{"start":{"line":56,"column":26},"end":{"line":56,"column":27}},"loc":{"start":{"line":56,"column":37},"end":{"line":96,"column":1}},"line":56},"6":{"name":"(anonymous_6)","decl":{"start":{"line":98,"column":35},"end":{"line":98,"column":36}},"loc":{"start":{"line":98,"column":46},"end":{"line":109,"column":1}},"line":98}},"branchMap":{"0":{"loc":{"start":{"line":19,"column":2},"end":{"line":21,"column":3}},"type":"if","locations":[{"start":{"line":19,"column":2},"end":{"line":21,"column":3}},{"start":{"line":19,"column":2},"end":{"line":21,"column":3}}],"line":19},"1":{"loc":{"start":{"line":26,"column":2},"end":{"line":37,"column":3}},"type":"if","locations":[{"start":{"line":26,"column":2},"end":{"line":37,"column":3}},{"start":{"line":26,"column":2},"end":{"line":37,"column":3}}],"line":26},"2":{"loc":{"start":{"line":34,"column":4},"end":{"line":36,"column":5}},"type":"if","locations":[{"start":{"line":34,"column":4},"end":{"line":36,"column":5}},{"start":{"line":34,"column":4},"end":{"line":36,"column":5}}],"line":34},"3":{"loc":{"start":{"line":34,"column":8},"end":{"line":34,"column":58}},"type":"binary-expr","locations":[{"start":{"line":34,"column":8},"end":{"line":34,"column":30}},{"start":{"line":34,"column":34},"end":{"line":34,"column":58}}],"line":34},"4":{"loc":{"start":{"line":49,"column":2},"end":{"line":51,"column":3}},"type":"if","locations":[{"start":{"line":49,"column":2},"end":{"line":51,"column":3}},{"start":{"line":49,"column":2},"end":{"line":51,"column":3}}],"line":49},"5":{"loc":{"start":{"line":57,"column":15},"end":{"line":57,"column":26}},"type":"binary-expr","locations":[{"start":{"line":57,"column":15},"end":{"line":57,"column":20}},{"start":{"line":57,"column":24},"end":{"line":57,"column":26}}],"line":57},"6":{"loc":{"start":{"line":62,"column":18},"end":{"line":62,"column":45}},"type":"binary-expr","locations":[{"start":{"line":62,"column":18},"end":{"line":62,"column":36}},{"start":{"line":62,"column":40},"end":{"line":62,"column":45}}],"line":62},"7":{"loc":{"start":{"line":64,"column":4},"end":{"line":75,"column":5}},"type":"switch","locations":[{"start":{"line":65,"column":6},"end":{"line":69,"column":14}},{"start":{"line":70,"column":6},"end":{"line":74,"column":14}}],"line":64},"8":{"loc":{"start":{"line":66,"column":8},"end":{"line":68,"column":9}},"type":"if","locations":[{"start":{"line":66,"column":8},"end":{"line":68,"column":9}},{"start":{"line":66,"column":8},"end":{"line":68,"column":9}}],"line":66},"9":{"loc":{"start":{"line":71,"column":8},"end":{"line":73,"column":9}},"type":"if","locations":[{"start":{"line":71,"column":8},"end":{"line":73,"column":9}},{"start":{"line":71,"column":8},"end":{"line":73,"column":9}}],"line":71},"10":{"loc":{"start":{"line":80,"column":2},"end":{"line":93,"column":3}},"type":"if","locations":[{"start":{"line":80,"column":2},"end":{"line":93,"column":3}},{"start":{"line":80,"column":2},"end":{"line":93,"column":3}}],"line":80},"11":{"loc":{"start":{"line":83,"column":4},"end":{"line":85,"column":5}},"type":"if","locations":[{"start":{"line":83,"column":4},"end":{"line":85,"column":5}},{"start":{"line":83,"column":4},"end":{"line":85,"column":5}}],"line":83}},"s":{"0":2,"1":11,"2":11,"3":11,"4":11,"5":11,"6":2,"7":1,"8":1,"9":1,"10":2,"11":2,"12":1,"13":1,"14":2,"15":4,"16":3,"17":3,"18":3,"19":3,"20":3,"21":3,"22":2,"23":2,"24":2,"25":2,"26":2,"27":2,"28":2,"29":2,"30":1,"31":1,"32":2,"33":7,"34":7,"35":7,"36":7,"37":7,"38":7,"39":36,"40":36,"41":6,"42":5,"43":6,"44":5,"45":4,"46":5,"47":7,"48":7,"49":3,"50":3,"51":3,"52":1,"53":3,"54":3,"55":4,"56":2,"57":1,"58":1,"59":1,"60":1},"f":{"0":11,"1":1,"2":2,"3":4,"4":2,"5":7,"6":1},"b":{"0":[1,1],"1":[3,1],"2":[2,1],"3":[3,2],"4":[1,1],"5":[7,1],"6":[43,38],"7":[6,5],"8":[5,1],"9":[4,1],"10":[3,4],"11":[1,2]},"_coverageSchema":"1a1c01bbd47fc00a2c39e90264f33305004495a9","hash":"1f3efba3ad43b0f41f8aa0884eace90098c2f74d"}
,"/home/leosilvagomes/Documentos/faculdade/desenho/frontend/src/utilites/email.js": {"path":"/home/leosilvagomes/Documentos/faculdade/desenho/frontend/src/utilites/email.js","statementMap":{"0":{"start":{"line":1,"column":29},"end":{"line":4,"column":1}},"1":{"start":{"line":2,"column":18},"end":{"line":2,"column":33}},"2":{"start":{"line":3,"column":2},"end":{"line":3,"column":31}}},"fnMap":{"0":{"name":"(anonymous_0)","decl":{"start":{"line":1,"column":29},"end":{"line":1,"column":30}},"loc":{"start":{"line":1,"column":40},"end":{"line":4,"column":1}},"line":1}},"branchMap":{},"s":{"0":2,"1":2,"2":2},"f":{"0":2},"b":{},"_coverageSchema":"1a1c01bbd47fc00a2c39e90264f33305004495a9","hash":"c5da15d0f74932c7ddf4635f67ea59c34f82b2f2"}
,"/home/leosilvagomes/Documentos/faculdade/desenho/frontend/src/utilites/height.js": {"path":"/home/leosilvagomes/Documentos/faculdade/desenho/frontend/src/utilites/height.js","statementMap":{"0":{"start":{"line":1,"column":30},"end":{"line":6,"column":1}},"1":{"start":{"line":2,"column":2},"end":{"line":4,"column":3}},"2":{"start":{"line":3,"column":4},"end":{"line":3,"column":17}},"3":{"start":{"line":5,"column":2},"end":{"line":5,"column":14}},"4":{"start":{"line":8,"column":22},"end":{"line":27,"column":1}},"5":{"start":{"line":9,"column":20},"end":{"line":9,"column":30}},"6":{"start":{"line":10,"column":21},"end":{"line":10,"column":36}},"7":{"start":{"line":12,"column":20},"end":{"line":12,"column":45}},"8":{"start":{"line":13,"column":21},"end":{"line":13,"column":43}},"9":{"start":{"line":14,"column":19},"end":{"line":14,"column":39}},"10":{"start":{"line":16,"column":21},"end":{"line":16,"column":47}},"11":{"start":{"line":17,"column":22},"end":{"line":17,"column":45}},"12":{"start":{"line":18,"column":20},"end":{"line":18,"column":41}},"13":{"start":{"line":20,"column":17},"end":{"line":20,"column":43}},"14":{"start":{"line":22,"column":2},"end":{"line":24,"column":3}},"15":{"start":{"line":23,"column":4},"end":{"line":23,"column":15}},"16":{"start":{"line":26,"column":2},"end":{"line":26,"column":37}}},"fnMap":{"0":{"name":"(anonymous_0)","decl":{"start":{"line":1,"column":30},"end":{"line":1,"column":31}},"loc":{"start":{"line":1,"column":41},"end":{"line":6,"column":1}},"line":1},"1":{"name":"(anonymous_1)","decl":{"start":{"line":8,"column":22},"end":{"line":8,"column":23}},"loc":{"start":{"line":8,"column":33},"end":{"line":27,"column":1}},"line":8}},"branchMap":{"0":{"loc":{"start":{"line":2,"column":2},"end":{"line":4,"column":3}},"type":"if","locations":[{"start":{"line":2,"column":2},"end":{"line":4,"column":3}},{"start":{"line":2,"column":2},"end":{"line":4,"column":3}}],"line":2},"1":{"loc":{"start":{"line":2,"column":6},"end":{"line":2,"column":31}},"type":"binary-expr","locations":[{"start":{"line":2,"column":6},"end":{"line":2,"column":15}},{"start":{"line":2,"column":19},"end":{"line":2,"column":31}}],"line":2},"2":{"loc":{"start":{"line":22,"column":2},"end":{"line":24,"column":3}},"type":"if","locations":[{"start":{"line":22,"column":2},"end":{"line":24,"column":3}},{"start":{"line":22,"column":2},"end":{"line":24,"column":3}}],"line":22},"3":{"loc":{"start":{"line":22,"column":6},"end":{"line":22,"column":95}},"type":"binary-expr","locations":[{"start":{"line":22,"column":6},"end":{"line":22,"column":34}},{"start":{"line":22,"column":38},"end":{"line":22,"column":67}},{"start":{"line":22,"column":71},"end":{"line":22,"column":95}}],"line":22},"4":{"loc":{"start":{"line":26,"column":9},"end":{"line":26,"column":36}},"type":"cond-expr","locations":[{"start":{"line":26,"column":24},"end":{"line":26,"column":25}},{"start":{"line":26,"column":28},"end":{"line":26,"column":36}}],"line":26}},"s":{"0":2,"1":0,"2":0,"3":0,"4":2,"5":0,"6":0,"7":0,"8":0,"9":0,"10":0,"11":0,"12":0,"13":0,"14":0,"15":0,"16":0},"f":{"0":0,"1":0},"b":{"0":[0,0],"1":[0,0],"2":[0,0],"3":[0,0,0],"4":[0,0]},"_coverageSchema":"1a1c01bbd47fc00a2c39e90264f33305004495a9","hash":"5d8204b435cd2b74f89a15daab2dc7cf3f225d2f"}
,"/home/leosilvagomes/Documentos/faculdade/desenho/frontend/src/utilites/index.js": {"path":"/home/leosilvagomes/Documentos/faculdade/desenho/frontend/src/utilites/index.js","statementMap":{},"fnMap":{},"branchMap":{},"s":{},"f":{},"b":{},"_coverageSchema":"1a1c01bbd47fc00a2c39e90264f33305004495a9","hash":"da8d4e897f865bcd43c001e29b8ddc36d247ae37"}
,"/home/leosilvagomes/Documentos/faculdade/desenho/frontend/src/utilites/password.js": {"path":"/home/leosilvagomes/Documentos/faculdade/desenho/frontend/src/utilites/password.js","statementMap":{"0":{"start":{"line":1,"column":32},"end":{"line":6,"column":1}},"1":{"start":{"line":2,"column":2},"end":{"line":4,"column":3}},"2":{"start":{"line":3,"column":4},"end":{"line":3,"column":17}},"3":{"start":{"line":5,"column":2},"end":{"line":5,"column":14}}},"fnMap":{"0":{"name":"(anonymous_0)","decl":{"start":{"line":1,"column":32},"end":{"line":1,"column":33}},"loc":{"start":{"line":1,"column":43},"end":{"line":6,"column":1}},"line":1}},"branchMap":{"0":{"loc":{"start":{"line":2,"column":2},"end":{"line":4,"column":3}},"type":"if","locations":[{"start":{"line":2,"column":2},"end":{"line":4,"column":3}},{"start":{"line":2,"column":2},"end":{"line":4,"column":3}}],"line":2},"1":{"loc":{"start":{"line":2,"column":6},"end":{"line":2,"column":43}},"type":"binary-expr","locations":[{"start":{"line":2,"column":6},"end":{"line":2,"column":22}},{"start":{"line":2,"column":26},"end":{"line":2,"column":43}}],"line":2}},"s":{"0":2,"1":0,"2":0,"3":0},"f":{"0":0},"b":{"0":[0,0],"1":[0,0]},"_coverageSchema":"1a1c01bbd47fc00a2c39e90264f33305004495a9","hash":"3cf8240d65cad1f1f1f2c62e97fa5fd0dd428538"}
,"/home/leosilvagomes/Documentos/faculdade/desenho/frontend/src/utilites/username.js": {"path":"/home/leosilvagomes/Documentos/faculdade/desenho/frontend/src/utilites/username.js","statementMap":{"0":{"start":{"line":1,"column":32},"end":{"line":4,"column":1}},"1":{"start":{"line":2,"column":22},"end":{"line":2,"column":35}},"2":{"start":{"line":3,"column":2},"end":{"line":3,"column":35}}},"fnMap":{"0":{"name":"(anonymous_0)","decl":{"start":{"line":1,"column":32},"end":{"line":1,"column":33}},"loc":{"start":{"line":1,"column":43},"end":{"line":4,"column":1}},"line":1}},"branchMap":{},"s":{"0":2,"1":0,"2":0},"f":{"0":0},"b":{},"_coverageSchema":"1a1c01bbd47fc00a2c39e90264f33305004495a9","hash":"d2d69f04929a7d5ec8ce10c020dd85f3cb158e1c"}
}
