TN:
SF:src/utilites/age.js
FN:1,(anonymous_0)
FN:8,(anonymous_1)
FNF:2
FNH:0
FNDA:0,(anonymous_0)
FNDA:0,(anonymous_1)
DA:1,2
DA:2,0
DA:3,0
DA:5,0
DA:8,2
DA:9,0
DA:10,0
DA:12,0
DA:13,0
DA:14,0
DA:16,0
DA:17,0
DA:18,0
DA:20,0
DA:22,0
DA:26,0
DA:29,0
LF:17
LH:2
BRDA:2,0,0,0
BRDA:2,0,1,0
BRDA:2,1,0,0
BRDA:2,1,1,0
BRDA:22,2,0,0
BRDA:22,2,1,0
BRDA:23,3,0,0
BRDA:23,3,1,0
BRDA:23,3,2,0
BRDA:29,4,0,0
BRDA:29,4,1,0
BRF:11
BRH:0
end_of_record
TN:
SF:src/utilites/date.js
FN:1,(anonymous_0)
FN:11,(anonymous_1)
FN:19,(anonymous_2)
FN:37,(anonymous_3)
FN:52,(anonymous_4)
FN:95,(anonymous_5)
FN:109,(anonymous_6)
FNF:7
FNH:7
FNDA:11,(anonymous_0)
FNDA:2,(anonymous_1)
FNDA:4,(anonymous_2)
FNDA:2,(anonymous_3)
FNDA:7,(anonymous_4)
FNDA:1,(anonymous_5)
FNDA:1,(anonymous_6)
DA:1,2
DA:2,11
DA:3,11
DA:4,11
DA:5,11
DA:7,11
DA:11,2
DA:12,2
DA:13,1
DA:15,1
DA:19,2
DA:20,4
DA:21,3
DA:22,3
DA:23,3
DA:25,3
DA:26,3
DA:28,3
DA:29,2
DA:33,2
DA:37,2
DA:38,2
DA:39,2
DA:41,2
DA:42,2
DA:44,2
DA:45,1
DA:48,1
DA:52,2
DA:53,7
DA:54,7
DA:55,7
DA:56,7
DA:58,7
DA:59,36
DA:60,36
DA:62,6
DA:63,5
DA:65,6
DA:67,5
DA:68,4
DA:70,5
DA:74,7
DA:76,7
DA:77,3
DA:78,3
DA:79,3
DA:80,1
DA:82,3
DA:88,3
DA:91,4
DA:95,2
DA:96,1
DA:98,1
DA:99,1
DA:101,1
DA:109,2
DA:110,1
DA:112,1
DA:114,1
LF:60
LH:60
BRDA:12,0,0,1
BRDA:12,0,1,1
BRDA:20,1,0,3
BRDA:20,1,1,1
BRDA:28,2,0,2
BRDA:28,2,1,1
BRDA:28,3,0,3
BRDA:28,3,1,2
BRDA:44,4,0,1
BRDA:44,4,1,1
BRDA:53,5,0,7
BRDA:53,5,1,1
BRDA:58,6,0,43
BRDA:58,6,1,38
BRDA:60,7,0,6
BRDA:60,7,1,5
BRDA:62,8,0,5
BRDA:62,8,1,1
BRDA:67,9,0,4
BRDA:67,9,1,1
BRDA:76,10,0,3
BRDA:76,10,1,4
BRDA:79,11,0,1
BRDA:79,11,1,2
BRF:24
BRH:24
end_of_record
TN:
SF:src/utilites/email.js
FN:1,(anonymous_0)
FNF:1
FNH:1
FNDA:2,(anonymous_0)
DA:1,2
DA:2,2
DA:3,2
LF:3
LH:3
BRF:0
BRH:0
end_of_record
TN:
SF:src/utilites/index.js
FNF:0
FNH:0
LF:0
LH:0
BRF:0
BRH:0
end_of_record
TN:
SF:src/utilites/password.js
FN:1,(anonymous_0)
FNF:1
FNH:0
FNDA:0,(anonymous_0)
DA:1,2
DA:2,0
DA:3,0
DA:5,0
LF:4
LH:1
BRDA:2,0,0,0
BRDA:2,0,1,0
BRDA:2,1,0,0
BRDA:2,1,1,0
BRF:4
BRH:0
end_of_record
TN:
SF:src/utilites/username.js
FN:1,(anonymous_0)
FNF:1
FNH:0
FNDA:0,(anonymous_0)
DA:1,2
DA:2,0
DA:3,0
LF:3
LH:1
BRF:0
BRH:0
end_of_record
